  Application.cpp
  BackBufferRTV.cpp
  BottomLevelAS.cpp
  Buffer.cpp
  ClosestHit.cpp
  CommandList.cpp
  CommandQueue.cpp
  ConstantBuffer.cpp
  D3DShaders.cpp
  DXRDescriptorHeap.cpp
  DXROutput.cpp
  DXRRootSignature.cpp
  DescriptorHeap.cpp
  Fence.cpp
  IndexBuffer.cpp
  MaterialCB.cpp
  Miss.cpp
  PSO.cpp
  RayGen.cpp
  Renderer.cpp
  Generating Code...
  Compiling...
  ShaderTable.cpp
  SwapChain.cpp
  Texture.cpp
  TopLevelAS.cpp
  Utils.cpp
C:\dev\CGD\CTP\CTPPrototype\CTPPrototype\Renderer\Utils.cpp(114,58): warning C4244: '=': conversion from '_Ty' to 'float', possible loss of data
          with
          [
              _Ty=int
          ]
  VertexBuffer.cpp
  ViewCB.cpp
  WinMain.cpp
  Window.cpp
  Generating Code...
  CTPPrototype.vcxproj -> C:\dev\CGD\CTP\CTPPrototype\x64\Debug\CTPPrototype.exe
